<?xml version="1.0" encoding="UTF-8"?>
<!-- Generated by org.testng.reporters.JUnitReportReporter -->
<testsuite hostname="Shekhar" failures="0" tests="1" name="Tests.HomeTest" time="16.368" errors="0" timestamp="2022-11-24T23:56:08 IST" skipped="0">
  <testcase classname="Tests.HomeTest" name="homePage" time="16.368"/>
  <system-out/>
</testsuite> <!-- Tests.HomeTest -->
