<?xml version="1.0" encoding="UTF-8"?>
<!-- Generated by org.testng.reporters.JUnitReportReporter -->
<testsuite hostname="Shekhar" failures="0" tests="1" name="Tests.BrokenLinkTest" time="30.375" errors="0" timestamp="2022-11-25T15:43:49 IST" skipped="0">
  <testcase classname="Tests.BrokenLinkTest" name="brokenLink" time="30.375"/>
  <system-out/>
</testsuite> <!-- Tests.BrokenLinkTest -->
