<?xml version="1.0" encoding="UTF-8"?>
<!-- Generated by org.testng.reporters.JUnitReportReporter -->
<testsuite hostname="Shekhar" failures="0" tests="1" name="Tests.HomeTest" time="25.976" errors="0" timestamp="2022-11-25T15:43:49 IST" skipped="0">
  <testcase classname="Tests.HomeTest" name="homePage" time="25.976"/>
  <system-out/>
</testsuite> <!-- Tests.HomeTest -->
