<?xml version="1.0" encoding="UTF-8"?>
<!-- Generated by org.testng.reporters.JUnitReportReporter -->
<testsuite hostname="Shekhar" failures="0" tests="1" name="Tests.BrokenLinkTest" time="7.038" errors="0" timestamp="2022-11-24T23:56:08 IST" skipped="0">
  <testcase classname="Tests.BrokenLinkTest" name="brokenLink" time="7.038"/>
  <system-out/>
</testsuite> <!-- Tests.BrokenLinkTest -->
